[ 25%] Built target action_client_member_functions
[ 37%] [32mBuilding CXX object CMakeFiles/action_client_not_composable_with_feedback.dir/not_composable_with_feedback.cpp.o[0m
[ 50%] [32mBuilding CXX object CMakeFiles/action_client_not_composable.dir/not_composable.cpp.o[0m
[ 62%] [32mBuilding CXX object CMakeFiles/action_client_not_composable_with_cancel.dir/not_composable_with_cancel.cpp.o[0m
[01m[K/home/zeelb/autonomous-exploration/ros2_ws/src/examples/rclcpp/actions/minimal_action_client/not_composable_with_feedback.cpp:[m[K In function â€˜[01m[Kint main(int, char**)[m[Kâ€™:
[01m[K/home/zeelb/autonomous-exploration/ros2_ws/src/examples/rclcpp/actions/minimal_action_client/not_composable_with_feedback.cpp:58:13:[m[K [01;31m[Kerror: [m[Kâ€˜[01m[Krclcpp::FutureReturnCode[m[Kâ€™ has not been declared
     rclcpp::[01;31m[KFutureReturnCode[m[K::SUCCESS)
             [01;31m[K^~~~~~~~~~~~~~~~[m[K
[01m[K/home/zeelb/autonomous-exploration/ros2_ws/src/examples/rclcpp/actions/minimal_action_client/not_composable_with_feedback.cpp:75:13:[m[K [01;31m[Kerror: [m[Kâ€˜[01m[Krclcpp::FutureReturnCode[m[Kâ€™ has not been declared
     rclcpp::[01;31m[KFutureReturnCode[m[K::SUCCESS)
             [01;31m[K^~~~~~~~~~~~~~~~[m[K
[01m[K/home/zeelb/autonomous-exploration/ros2_ws/src/examples/rclcpp/actions/minimal_action_client/not_composable.cpp:[m[K In function â€˜[01m[Kint main(int, char**)[m[Kâ€™:
[01m[K/home/zeelb/autonomous-exploration/ros2_ws/src/examples/rclcpp/actions/minimal_action_client/not_composable.cpp:44:13:[m[K [01;31m[Kerror: [m[Kâ€˜[01m[Krclcpp::FutureReturnCode[m[Kâ€™ has not been declared
     rclcpp::[01;31m[KFutureReturnCode[m[K::SUCCESS)
             [01;31m[K^~~~~~~~~~~~~~~~[m[K
[01m[K/home/zeelb/autonomous-exploration/ros2_ws/src/examples/rclcpp/actions/minimal_action_client/not_composable.cpp:61:13:[m[K [01;31m[Kerror: [m[Kâ€˜[01m[Krclcpp::FutureReturnCode[m[Kâ€™ has not been declared
     rclcpp::[01;31m[KFutureReturnCode[m[K::SUCCESS)
             [01;31m[K^~~~~~~~~~~~~~~~[m[K
[01m[K/home/zeelb/autonomous-exploration/ros2_ws/src/examples/rclcpp/actions/minimal_action_client/not_composable_with_cancel.cpp:[m[K In function â€˜[01m[Kint main(int, char**)[m[Kâ€™:
[01m[K/home/zeelb/autonomous-exploration/ros2_ws/src/examples/rclcpp/actions/minimal_action_client/not_composable_with_cancel.cpp:44:13:[m[K [01;31m[Kerror: [m[Kâ€˜[01m[Krclcpp::FutureReturnCode[m[Kâ€™ has not been declared
     rclcpp::[01;31m[KFutureReturnCode[m[K::SUCCESS)
             [01;31m[K^~~~~~~~~~~~~~~~[m[K
[01m[K/home/zeelb/autonomous-exploration/ros2_ws/src/examples/rclcpp/actions/minimal_action_client/not_composable_with_cancel.cpp:64:15:[m[K [01;31m[Kerror: [m[Kâ€˜[01m[Krclcpp::FutureReturnCode[m[Kâ€™ has not been declared
   if (rclcpp::[01;31m[KFutureReturnCode[m[K::TIMEOUT == wait_result) {
               [01;31m[K^~~~~~~~~~~~~~~~[m[K
[01m[K/home/zeelb/autonomous-exploration/ros2_ws/src/examples/rclcpp/actions/minimal_action_client/not_composable_with_cancel.cpp:69:15:[m[K [01;31m[Kerror: [m[Kâ€˜[01m[Krclcpp::FutureReturnCode[m[Kâ€™ has not been declared
       rclcpp::[01;31m[KFutureReturnCode[m[K::SUCCESS)
               [01;31m[K^~~~~~~~~~~~~~~~[m[K
[01m[K/home/zeelb/autonomous-exploration/ros2_ws/src/examples/rclcpp/actions/minimal_action_client/not_composable_with_cancel.cpp:76:22:[m[K [01;31m[Kerror: [m[Kâ€˜[01m[Krclcpp::FutureReturnCode[m[Kâ€™ has not been declared
   } else if (rclcpp::[01;31m[KFutureReturnCode[m[K::SUCCESS != wait_result) {
                      [01;31m[K^~~~~~~~~~~~~~~~[m[K
[01m[K/home/zeelb/autonomous-exploration/ros2_ws/src/examples/rclcpp/actions/minimal_action_client/not_composable_with_cancel.cpp:84:13:[m[K [01;31m[Kerror: [m[Kâ€˜[01m[Krclcpp::FutureReturnCode[m[Kâ€™ has not been declared
     rclcpp::[01;31m[KFutureReturnCode[m[K::SUCCESS)
             [01;31m[K^~~~~~~~~~~~~~~~[m[K
make[2]: *** [CMakeFiles/action_client_not_composable.dir/not_composable.cpp.o] Error 1
CMakeFiles/action_client_not_composable.dir/build.make:62: recipe for target 'CMakeFiles/action_client_not_composable.dir/not_composable.cpp.o' failed
make[1]: *** [CMakeFiles/action_client_not_composable.dir/all] Error 2
make[1]: *** Waiting for unfinished jobs....
CMakeFiles/Makefile2:173: recipe for target 'CMakeFiles/action_client_not_composable.dir/all' failed
CMakeFiles/action_client_not_composable_with_feedback.dir/build.make:62: recipe for target 'CMakeFiles/action_client_not_composable_with_feedback.dir/not_composable_with_feedback.cpp.o' failed
make[2]: *** [CMakeFiles/action_client_not_composable_with_feedback.dir/not_composable_with_feedback.cpp.o] Error 1
CMakeFiles/Makefile2:104: recipe for target 'CMakeFiles/action_client_not_composable_with_feedback.dir/all' failed
make[1]: *** [CMakeFiles/action_client_not_composable_with_feedback.dir/all] Error 2
make[2]: *** [CMakeFiles/action_client_not_composable_with_cancel.dir/not_composable_with_cancel.cpp.o] Error 1
CMakeFiles/action_client_not_composable_with_cancel.dir/build.make:62: recipe for target 'CMakeFiles/action_client_not_composable_with_cancel.dir/not_composable_with_cancel.cpp.o' failed
make[1]: *** [CMakeFiles/action_client_not_composable_with_cancel.dir/all] Error 2
CMakeFiles/Makefile2:210: recipe for target 'CMakeFiles/action_client_not_composable_with_cancel.dir/all' failed
make: *** [all] Error 2
Makefile:140: recipe for target 'all' failed
